\BOOKMARK [0][-]{chapter*.3}{\376\377\000P\000r\000e\000f\000a\000c\000e}{}% 1
\BOOKMARK [1][-]{section.0.1}{\376\377\000T\000h\000a\000n\000k\000\040\000y\000o\000u}{chapter*.3}% 2
\BOOKMARK [0][-]{chapter.1}{\376\377\000A\000b\000o\000u\000t\000\040\000t\000h\000i\000s\000\040\000b\000o\000o\000k}{}% 3
\BOOKMARK [0][-]{chapter.2}{\376\377\000L\000e\000x\000i\000c\000o\000n\000\040\000s\000c\000o\000p\000e\000\040\000a\000n\000d\000\040\000p\000r\000i\000n\000c\000i\000p\000l\000e\000s}{}% 4
\BOOKMARK [1][-]{section.2.1}{\376\377\000L\000o\000a\000n\000w\000o\000r\000d\000s}{chapter.2}% 5
\BOOKMARK [0][-]{chapter.3}{\376\377\000L\000e\000g\000e\000n\000d\000a}{}% 6
\BOOKMARK [0][-]{chapter.4}{\376\377\000R\000e\000m\000a\000r\000k\000s\000\040\000o\000n\000\040\000g\000r\000a\000m\000m\000a\000r}{}% 7
\BOOKMARK [1][-]{section.4.1}{\376\377\000N\000o\000u\000n\000s}{chapter.4}% 8
\BOOKMARK [1][-]{section.4.2}{\376\377\000P\000r\000o\000n\000o\000u\000n\000s}{chapter.4}% 9
\BOOKMARK [1][-]{section.4.3}{\376\377\000V\000e\000r\000b\000s}{chapter.4}% 10
\BOOKMARK [0][-]{chapter.5}{\376\377\000P\000a\000p\000i\000a\000m\000e\000n\000t\000o\000-\000E\000n\000g\000l\000i\000s\000h}{}% 11
\BOOKMARK [0][-]{chapter.6}{\376\377\000P\000a\000p\000i\000a\000m\000e\000n\000t\000o\000-\000C\000a\000t\000a\000l\000u\000n\000y\000a\000n}{}% 12
\BOOKMARK [0][-]{chapter.7}{\376\377\000C\000a\000t\000a\000l\000u\000n\000y\000a\000n\000-\000P\000a\000p\000i\000a\000m\000e\000n\000t\000o}{}% 13
\BOOKMARK [0][-]{chapter.8}{\376\377\000P\000a\000p\000i\000a\000m\000e\000n\000t\000o\000-\000C\000h\000i\000n\000e\000s\000e}{}% 14
\BOOKMARK [0][-]{chapter.9}{\376\377\000C\000h\000i\000n\000e\000s\000e\000-\000P\000a\000p\000i\000a\000m\000e\000n\000t\000o}{}% 15
\BOOKMARK [0][-]{chapter.10}{\376\377\000P\000a\000p\000i\000a\000m\000e\000n\000t\000o\000-\000D\000a\000n\000i\000s\000h}{}% 16
\BOOKMARK [0][-]{chapter.11}{\376\377\000D\000a\000n\000i\000s\000h\000-\000P\000a\000p\000i\000a\000m\000e\000n\000t\000o}{}% 17
\BOOKMARK [0][-]{chapter.12}{\376\377\000P\000a\000p\000i\000a\000m\000e\000n\000t\000o\000-\000E\000n\000g\000l\000i\000s\000h}{}% 18
\BOOKMARK [0][-]{chapter.13}{\376\377\000E\000n\000g\000l\000i\000s\000h\000-\000P\000a\000p\000i\000a\000m\000e\000n\000t\000o}{}% 19
\BOOKMARK [0][-]{chapter.14}{\376\377\000P\000a\000p\000i\000a\000m\000e\000n\000t\000o\000-\000B\000a\000s\000q\000u\000e}{}% 20
\BOOKMARK [0][-]{chapter.15}{\376\377\000B\000a\000s\000q\000u\000e\000-\000P\000a\000p\000i\000a\000m\000e\000n\000t\000o}{}% 21
\BOOKMARK [0][-]{chapter.16}{\376\377\000P\000a\000p\000i\000a\000m\000e\000n\000t\000o\000-\000F\000a\000r\000s\000i}{}% 22
\BOOKMARK [0][-]{chapter.17}{\376\377\000F\000a\000r\000s\000i\000-\000P\000a\000p\000i\000a\000m\000e\000n\000t\000o}{}% 23
\BOOKMARK [0][-]{chapter.18}{\376\377\000P\000a\000p\000i\000a\000m\000e\000n\000t\000o\000-\000F\000i\000n\000n\000i\000s\000h}{}% 24
\BOOKMARK [0][-]{chapter.19}{\376\377\000F\000i\000n\000n\000i\000s\000h\000-\000P\000a\000p\000i\000a\000m\000e\000n\000t\000o}{}% 25
\BOOKMARK [0][-]{chapter.20}{\376\377\000P\000a\000p\000i\000a\000m\000e\000n\000t\000o\000-\000F\000r\000e\000n\000c\000h}{}% 26
\BOOKMARK [0][-]{chapter.21}{\376\377\000F\000r\000e\000n\000c\000h\000-\000P\000a\000p\000i\000a\000m\000e\000n\000t\000o}{}% 27
\BOOKMARK [0][-]{chapter.22}{\376\377\000P\000a\000p\000i\000a\000m\000e\000n\000t\000o\000-\000G\000a\000l\000i\000c\000i\000a\000n}{}% 28
\BOOKMARK [0][-]{chapter.23}{\376\377\000G\000a\000l\000i\000c\000i\000a\000n\000-\000P\000a\000p\000i\000a\000m\000e\000n\000t\000o}{}% 29
\BOOKMARK [0][-]{chapter.24}{\376\377\000P\000a\000p\000i\000a\000m\000e\000n\000t\000o\000-\000B\000a\000h\000a\000s\000a\000\040\000I\000n\000d\000o\000n\000e\000s\000i\000a\000n}{}% 30
\BOOKMARK [0][-]{chapter.25}{\376\377\000B\000a\000h\000a\000s\000a\000\040\000I\000n\000d\000o\000n\000e\000s\000i\000a\000n\000-\000P\000a\000p\000i\000a\000m\000e\000n\000t\000o}{}% 31
\BOOKMARK [0][-]{chapter.26}{\376\377\000P\000a\000p\000i\000a\000m\000e\000n\000t\000o\000-\000I\000t\000a\000l\000i\000a\000n}{}% 32
\BOOKMARK [0][-]{chapter.27}{\376\377\000I\000t\000a\000l\000i\000a\000n\000-\000P\000a\000p\000i\000a\000m\000e\000n\000t\000o}{}% 33
\BOOKMARK [0][-]{chapter.28}{\376\377\000P\000a\000p\000i\000a\000m\000e\000n\000t\000o\000-\000J\000a\000p\000a\000n}{}% 34
\BOOKMARK [0][-]{chapter.29}{\376\377\000J\000a\000p\000a\000n\000-\000P\000a\000p\000i\000a\000m\000e\000n\000t\000o}{}% 35
\BOOKMARK [0][-]{chapter.30}{\376\377\000P\000a\000p\000i\000a\000m\000e\000n\000t\000o\000-\000N\000o\000r\000w\000e\000g\000i\000a\000n\000\040\000N\000y\000n\000o\000r\000s\000k}{}% 36
\BOOKMARK [0][-]{chapter.31}{\376\377\000N\000o\000r\000w\000e\000g\000i\000a\000n\000\040\000N\000y\000n\000o\000r\000s\000k\000-\000P\000a\000p\000i\000a\000m\000e\000n\000t\000o}{}% 37
\BOOKMARK [0][-]{chapter.32}{\376\377\000P\000a\000p\000i\000a\000m\000e\000n\000t\000o\000-\000N\000o\000r\000w\000e\000g\000i\000a\000n\000\040\000B\000o\000k\000m\000\345\000l}{}% 38
\BOOKMARK [0][-]{chapter.33}{\376\377\000N\000o\000r\000w\000e\000g\000i\000a\000n\000\040\000B\000o\000k\000m\000\345\000l\000-\000P\000a\000p\000i\000a\000m\000e\000n\000t\000o}{}% 39
\BOOKMARK [0][-]{chapter.34}{\376\377\000P\000a\000p\000i\000a\000m\000e\000n\000t\000o\000-\000P\000o\000l\000i\000s\000h}{}% 40
\BOOKMARK [0][-]{chapter.35}{\376\377\000P\000o\000l\000i\000s\000h\000-\000P\000a\000p\000i\000a\000m\000e\000n\000t\000o}{}% 41
\BOOKMARK [0][-]{chapter.36}{\376\377\000P\000a\000p\000i\000a\000m\000e\000n\000t\000o\000-\000P\000o\000r\000t\000u\000g\000u\000e\000s\000e}{}% 42
\BOOKMARK [0][-]{chapter.37}{\376\377\000P\000o\000r\000t\000u\000g\000u\000e\000s\000e\000-\000P\000a\000p\000i\000a\000m\000e\000n\000t\000o}{}% 43
\BOOKMARK [0][-]{chapter.38}{\376\377\000P\000a\000p\000i\000a\000m\000e\000n\000t\000o\000-\000S\000p\000a\000n\000i\000s\000h}{}% 44
\BOOKMARK [0][-]{chapter.39}{\376\377\000S\000p\000a\000n\000i\000s\000h\000-\000P\000a\000p\000i\000a\000m\000e\000n\000t\000o}{}% 45
\BOOKMARK [0][-]{chapter.40}{\376\377\000P\000a\000p\000i\000a\000m\000e\000n\000t\000o\000-\000T\000h\000a\000i}{}% 46
\BOOKMARK [0][-]{chapter.41}{\376\377\000T\000h\000a\000i\000-\000P\000a\000p\000i\000a\000m\000e\000n\000t\000o}{}% 47
\BOOKMARK [0][-]{chapter.42}{\376\377\000P\000a\000p\000i\000a\000m\000e\000n\000t\000o\000-\000S\000t\000a\000n\000d\000a\000r\000d\000\040\000M\000a\000l\000a\000y}{}% 48
\BOOKMARK [0][-]{chapter.43}{\376\377\000S\000t\000a\000n\000d\000a\000r\000d\000\040\000M\000a\000l\000a\000y\000-\000P\000a\000p\000i\000a\000m\000e\000n\000t\000o}{}% 49
\BOOKMARK [0][-]{chapter*.7}{\376\377\000R\000e\000f\000e\000r\000e\000n\000c\000e\000s}{}% 50
